  OBBcollision.cpp
  GameSprite.cpp
f:\university\level 4\ct4019 programming and mathematics for games\ct4019 part 2\complete\ct4019 submission programming and maths second semmester\droidwararcade\droidwararcade\gamesprite.cpp(24): warning C4458: declaration of 'matrix3PositionRotation' hides class member
  f:\university\level 4\ct4019 programming and mathematics for games\ct4019 part 2\complete\ct4019 submission programming and maths second semmester\droidwararcade\droidwararcade\vehicle.h(40): note: see declaration of 'Vehicle::matrix3PositionRotation'
  GameManager.cpp
  main.cpp
  VisualsManager.cpp
f:\university\level 4\ct4019 programming and mathematics for games\ct4019 part 2\complete\ct4019 submission programming and maths second semmester\droidwararcade\droidwararcade\source\visualsmanager.cpp(53): warning C4245: 'argument': conversion from 'int' to 'const unsigned int', signed/unsigned mismatch
f:\university\level 4\ct4019 programming and mathematics for games\ct4019 part 2\complete\ct4019 submission programming and maths second semmester\droidwararcade\droidwararcade\source\visualsmanager.cpp(74): warning C4245: 'argument': conversion from 'int' to 'const unsigned int', signed/unsigned mismatch
f:\university\level 4\ct4019 programming and mathematics for games\ct4019 part 2\complete\ct4019 submission programming and maths second semmester\droidwararcade\droidwararcade\source\visualsmanager.cpp(83): warning C4245: 'argument': conversion from 'int' to 'const unsigned int', signed/unsigned mismatch
f:\university\level 4\ct4019 programming and mathematics for games\ct4019 part 2\complete\ct4019 submission programming and maths second semmester\droidwararcade\droidwararcade\source\visualsmanager.cpp(92): warning C4245: 'argument': conversion from 'int' to 'const unsigned int', signed/unsigned mismatch
f:\university\level 4\ct4019 programming and mathematics for games\ct4019 part 2\complete\ct4019 submission programming and maths second semmester\droidwararcade\droidwararcade\source\visualsmanager.cpp(116): warning C4245: 'argument': conversion from 'int' to 'const unsigned int', signed/unsigned mismatch
f:\university\level 4\ct4019 programming and mathematics for games\ct4019 part 2\complete\ct4019 submission programming and maths second semmester\droidwararcade\droidwararcade\source\visualsmanager.cpp(125): warning C4245: 'argument': conversion from 'int' to 'const unsigned int', signed/unsigned mismatch
f:\university\level 4\ct4019 programming and mathematics for games\ct4019 part 2\complete\ct4019 submission programming and maths second semmester\droidwararcade\droidwararcade\source\visualsmanager.cpp(134): warning C4245: 'argument': conversion from 'int' to 'const unsigned int', signed/unsigned mismatch
f:\university\level 4\ct4019 programming and mathematics for games\ct4019 part 2\complete\ct4019 submission programming and maths second semmester\droidwararcade\droidwararcade\source\visualsmanager.cpp(159): warning C4245: 'argument': conversion from 'int' to 'const unsigned int', signed/unsigned mismatch
f:\university\level 4\ct4019 programming and mathematics for games\ct4019 part 2\complete\ct4019 submission programming and maths second semmester\droidwararcade\droidwararcade\source\visualsmanager.cpp(171): warning C4245: 'argument': conversion from 'int' to 'const unsigned int', signed/unsigned mismatch
f:\university\level 4\ct4019 programming and mathematics for games\ct4019 part 2\complete\ct4019 submission programming and maths second semmester\droidwararcade\droidwararcade\source\visualsmanager.cpp(183): warning C4245: 'argument': conversion from 'int' to 'const unsigned int', signed/unsigned mismatch
f:\university\level 4\ct4019 programming and mathematics for games\ct4019 part 2\complete\ct4019 submission programming and maths second semmester\droidwararcade\droidwararcade\source\visualsmanager.cpp(197): warning C4189: 'iCurrentBackgroundSprite': local variable is initialized but not referenced
  Vehicle.cpp
  Generating Code...
framework.lib(wgl_context.obj) : warning LNK4099: PDB 'glfw.pdb' was not found with 'framework.lib(wgl_context.obj)' or at 'F:\University\Level 4\CT4019 Programming and Mathematics for Games\CT4019 part 2\Complete\CT4019 SUBMISSION Programming and Maths SECOND SEMMESTER\DroidWarArcade\DroidWarArcade\build\glfw.pdb'; linking object as if no debug info
framework.lib(winmm_joystick.obj) : warning LNK4099: PDB 'glfw.pdb' was not found with 'framework.lib(winmm_joystick.obj)' or at 'F:\University\Level 4\CT4019 Programming and Mathematics for Games\CT4019 part 2\Complete\CT4019 SUBMISSION Programming and Maths SECOND SEMMESTER\DroidWarArcade\DroidWarArcade\build\glfw.pdb'; linking object as if no debug info
framework.lib(win32_window.obj) : warning LNK4099: PDB 'glfw.pdb' was not found with 'framework.lib(win32_window.obj)' or at 'F:\University\Level 4\CT4019 Programming and Mathematics for Games\CT4019 part 2\Complete\CT4019 SUBMISSION Programming and Maths SECOND SEMMESTER\DroidWarArcade\DroidWarArcade\build\glfw.pdb'; linking object as if no debug info
framework.lib(win32_tls.obj) : warning LNK4099: PDB 'glfw.pdb' was not found with 'framework.lib(win32_tls.obj)' or at 'F:\University\Level 4\CT4019 Programming and Mathematics for Games\CT4019 part 2\Complete\CT4019 SUBMISSION Programming and Maths SECOND SEMMESTER\DroidWarArcade\DroidWarArcade\build\glfw.pdb'; linking object as if no debug info
framework.lib(win32_time.obj) : warning LNK4099: PDB 'glfw.pdb' was not found with 'framework.lib(win32_time.obj)' or at 'F:\University\Level 4\CT4019 Programming and Mathematics for Games\CT4019 part 2\Complete\CT4019 SUBMISSION Programming and Maths SECOND SEMMESTER\DroidWarArcade\DroidWarArcade\build\glfw.pdb'; linking object as if no debug info
framework.lib(win32_monitor.obj) : warning LNK4099: PDB 'glfw.pdb' was not found with 'framework.lib(win32_monitor.obj)' or at 'F:\University\Level 4\CT4019 Programming and Mathematics for Games\CT4019 part 2\Complete\CT4019 SUBMISSION Programming and Maths SECOND SEMMESTER\DroidWarArcade\DroidWarArcade\build\glfw.pdb'; linking object as if no debug info
framework.lib(win32_init.obj) : warning LNK4099: PDB 'glfw.pdb' was not found with 'framework.lib(win32_init.obj)' or at 'F:\University\Level 4\CT4019 Programming and Mathematics for Games\CT4019 part 2\Complete\CT4019 SUBMISSION Programming and Maths SECOND SEMMESTER\DroidWarArcade\DroidWarArcade\build\glfw.pdb'; linking object as if no debug info
framework.lib(window.obj) : warning LNK4099: PDB 'glfw.pdb' was not found with 'framework.lib(window.obj)' or at 'F:\University\Level 4\CT4019 Programming and Mathematics for Games\CT4019 part 2\Complete\CT4019 SUBMISSION Programming and Maths SECOND SEMMESTER\DroidWarArcade\DroidWarArcade\build\glfw.pdb'; linking object as if no debug info
framework.lib(monitor.obj) : warning LNK4099: PDB 'glfw.pdb' was not found with 'framework.lib(monitor.obj)' or at 'F:\University\Level 4\CT4019 Programming and Mathematics for Games\CT4019 part 2\Complete\CT4019 SUBMISSION Programming and Maths SECOND SEMMESTER\DroidWarArcade\DroidWarArcade\build\glfw.pdb'; linking object as if no debug info
framework.lib(input.obj) : warning LNK4099: PDB 'glfw.pdb' was not found with 'framework.lib(input.obj)' or at 'F:\University\Level 4\CT4019 Programming and Mathematics for Games\CT4019 part 2\Complete\CT4019 SUBMISSION Programming and Maths SECOND SEMMESTER\DroidWarArcade\DroidWarArcade\build\glfw.pdb'; linking object as if no debug info
framework.lib(init.obj) : warning LNK4099: PDB 'glfw.pdb' was not found with 'framework.lib(init.obj)' or at 'F:\University\Level 4\CT4019 Programming and Mathematics for Games\CT4019 part 2\Complete\CT4019 SUBMISSION Programming and Maths SECOND SEMMESTER\DroidWarArcade\DroidWarArcade\build\glfw.pdb'; linking object as if no debug info
framework.lib(context.obj) : warning LNK4099: PDB 'glfw.pdb' was not found with 'framework.lib(context.obj)' or at 'F:\University\Level 4\CT4019 Programming and Mathematics for Games\CT4019 part 2\Complete\CT4019 SUBMISSION Programming and Maths SECOND SEMMESTER\DroidWarArcade\DroidWarArcade\build\glfw.pdb'; linking object as if no debug info
  DroidWarArcade.vcxproj -> F:\University\Level 4\CT4019 Programming and Mathematics for Games\CT4019 part 2\Complete\CT4019 SUBMISSION Programming and Maths SECOND SEMMESTER\DroidWarArcade\DroidWarArcade\./build\DroidWarArcade.exe
