f:\university\level 4\ct4019 programming and mathematics for games\ct4019 part 2\complete\ct4019 submission programming and maths second semmester\droidwararcade\droidwararcade\obj\vc141.pdb
f:\university\level 4\ct4019 programming and mathematics for games\ct4019 part 2\complete\ct4019 submission programming and maths second semmester\droidwararcade\droidwararcade\obj\vc141.idb
f:\university\level 4\ct4019 programming and mathematics for games\ct4019 part 2\complete\ct4019 submission programming and maths second semmester\droidwararcade\droidwararcade\obj\vehicle.obj
f:\university\level 4\ct4019 programming and mathematics for games\ct4019 part 2\complete\ct4019 submission programming and maths second semmester\droidwararcade\droidwararcade\obj\visualsmanager.obj
f:\university\level 4\ct4019 programming and mathematics for games\ct4019 part 2\complete\ct4019 submission programming and maths second semmester\droidwararcade\droidwararcade\obj\main.obj
f:\university\level 4\ct4019 programming and mathematics for games\ct4019 part 2\complete\ct4019 submission programming and maths second semmester\droidwararcade\droidwararcade\obj\gamemanager.obj
f:\university\level 4\ct4019 programming and mathematics for games\ct4019 part 2\complete\ct4019 submission programming and maths second semmester\droidwararcade\droidwararcade\obj\gamesprite.obj
f:\university\level 4\ct4019 programming and mathematics for games\ct4019 part 2\complete\ct4019 submission programming and maths second semmester\droidwararcade\droidwararcade\obj\obbcollision.obj
f:\university\level 4\ct4019 programming and mathematics for games\ct4019 part 2\complete\ct4019 submission programming and maths second semmester\droidwararcade\droidwararcade\build\droidwararcade.ilk
f:\university\level 4\ct4019 programming and mathematics for games\ct4019 part 2\complete\ct4019 submission programming and maths second semmester\droidwararcade\droidwararcade\build\droidwararcade.exe
f:\university\level 4\ct4019 programming and mathematics for games\ct4019 part 2\complete\ct4019 submission programming and maths second semmester\droidwararcade\droidwararcade\build\droidwararcade.pdb
f:\university\level 4\ct4019 programming and mathematics for games\ct4019 part 2\complete\ct4019 submission programming and maths second semmester\droidwararcade\droidwararcade\obj\gameobject.obj
f:\university\level 4\ct4019 programming and mathematics for games\ct4019 part 2\complete\ct4019 submission programming and maths second semmester\droidwararcade\droidwararcade\obj\mine.obj
f:\university\level 4\ct4019 programming and mathematics for games\ct4019 part 2\complete\ct4019 submission programming and maths second semmester\droidwararcade\droidwararcade\obj\powerup1.obj
f:\university\level 4\ct4019 programming and mathematics for games\ct4019 part 2\complete\ct4019 submission programming and maths second semmester\droidwararcade\droidwararcade\obj\powerup2.obj
f:\university\level 4\ct4019 programming and mathematics for games\ct4019 part 2\complete\ct4019 submission programming and maths second semmester\droidwararcade\droidwararcade\obj\powerup3.obj
f:\university\level 4\ct4019 programming and mathematics for games\ct4019 part 2\complete\ct4019 submission programming and maths second semmester\droidwararcade\droidwararcade\obj\powerup4.obj
f:\university\level 4\ct4019 programming and mathematics for games\ct4019 part 2\complete\ct4019 submission programming and maths second semmester\droidwararcade\droidwararcade\obj\gamemanager.obj.enc
f:\university\level 4\ct4019 programming and mathematics for games\ct4019 part 2\complete\ct4019 submission programming and maths second semmester\droidwararcade\droidwararcade\obj\obbcollision.obj.enc
f:\university\level 4\ct4019 programming and mathematics for games\ct4019 part 2\complete\ct4019 submission programming and maths second semmester\droidwararcade\droidwararcade\obj\vehicle.obj.enc
f:\university\level 4\ct4019 programming and mathematics for games\ct4019 part 2\complete\ct4019 submission programming and maths second semmester\droidwararcade\droidwararcade\./build\droidwararcade.exe
f:\university\level 4\ct4019 programming and mathematics for games\ct4019 part 2\complete\ct4019 submission programming and maths second semmester\droidwararcade\droidwararcade\obj\droidwararcade.tlog\cl.command.1.tlog
f:\university\level 4\ct4019 programming and mathematics for games\ct4019 part 2\complete\ct4019 submission programming and maths second semmester\droidwararcade\droidwararcade\obj\droidwararcade.tlog\cl.read.1.tlog
f:\university\level 4\ct4019 programming and mathematics for games\ct4019 part 2\complete\ct4019 submission programming and maths second semmester\droidwararcade\droidwararcade\obj\droidwararcade.tlog\cl.write.1.tlog
f:\university\level 4\ct4019 programming and mathematics for games\ct4019 part 2\complete\ct4019 submission programming and maths second semmester\droidwararcade\droidwararcade\obj\droidwararcade.tlog\link.command.1.tlog
f:\university\level 4\ct4019 programming and mathematics for games\ct4019 part 2\complete\ct4019 submission programming and maths second semmester\droidwararcade\droidwararcade\obj\droidwararcade.tlog\link.read.1.tlog
f:\university\level 4\ct4019 programming and mathematics for games\ct4019 part 2\complete\ct4019 submission programming and maths second semmester\droidwararcade\droidwararcade\obj\droidwararcade.tlog\link.write.1.tlog
