f:\university\level 4\ct4019 programming and mathematics for games\ct4019 part 2\complete\ct4019 submission programming and maths second semmester\droidwararcade\framework\obj\x64\debug\framework.pdb
f:\university\level 4\ct4019 programming and mathematics for games\ct4019 part 2\complete\ct4019 submission programming and maths second semmester\droidwararcade\framework\obj\x64\debug\framework.idb
f:\university\level 4\ct4019 programming and mathematics for games\ct4019 part 2\complete\ct4019 submission programming and maths second semmester\droidwararcade\framework\obj\x64\debug\ugfw.obj
f:\university\level 4\ct4019 programming and mathematics for games\ct4019 part 2\complete\ct4019 submission programming and maths second semmester\droidwararcade\framework\obj\x64\debug\texturemanager.obj
f:\university\level 4\ct4019 programming and mathematics for games\ct4019 part 2\complete\ct4019 submission programming and maths second semmester\droidwararcade\framework\obj\x64\debug\texture.obj
f:\university\level 4\ct4019 programming and mathematics for games\ct4019 part 2\complete\ct4019 submission programming and maths second semmester\droidwararcade\framework\obj\x64\debug\spritemanager.obj
f:\university\level 4\ct4019 programming and mathematics for games\ct4019 part 2\complete\ct4019 submission programming and maths second semmester\droidwararcade\framework\obj\x64\debug\sprite.obj
f:\university\level 4\ct4019 programming and mathematics for games\ct4019 part 2\complete\ct4019 submission programming and maths second semmester\droidwararcade\framework\obj\x64\debug\input.obj
f:\university\level 4\ct4019 programming and mathematics for games\ct4019 part 2\complete\ct4019 submission programming and maths second semmester\droidwararcade\framework\obj\x64\debug\fontmanager.obj
f:\university\level 4\ct4019 programming and mathematics for games\ct4019 part 2\complete\ct4019 submission programming and maths second semmester\droidwararcade\framework\obj\x64\debug\font.obj
f:\university\level 4\ct4019 programming and mathematics for games\ct4019 part 2\complete\ct4019 submission programming and maths second semmester\droidwararcade\framework\obj\x64\debug\application.obj
f:\university\level 4\ct4019 programming and mathematics for games\ct4019 part 2\complete\ct4019 submission programming and maths second semmester\droidwararcade\framework\obj\x64\debug\gl_core_4_4.obj
f:\university\level 4\ct4019 programming and mathematics for games\ct4019 part 2\complete\ct4019 submission programming and maths second semmester\droidwararcade\framework\lib\x64\debug\framework.lib
f:\university\level 4\ct4019 programming and mathematics for games\ct4019 part 2\complete\ct4019 submission programming and maths second semmester\droidwararcade\framework\lib\x64\debug\framework.pdb
f:\university\level 4\ct4019 programming and mathematics for games\ct4019 part 2\complete\ct4019 submission programming and maths second semmester\droidwararcade\framework\obj\x64\debug\framework.tlog\cl.command.1.tlog
f:\university\level 4\ct4019 programming and mathematics for games\ct4019 part 2\complete\ct4019 submission programming and maths second semmester\droidwararcade\framework\obj\x64\debug\framework.tlog\cl.read.1.tlog
f:\university\level 4\ct4019 programming and mathematics for games\ct4019 part 2\complete\ct4019 submission programming and maths second semmester\droidwararcade\framework\obj\x64\debug\framework.tlog\cl.write.1.tlog
f:\university\level 4\ct4019 programming and mathematics for games\ct4019 part 2\complete\ct4019 submission programming and maths second semmester\droidwararcade\framework\obj\x64\debug\framework.tlog\lib-link.read.1.tlog
f:\university\level 4\ct4019 programming and mathematics for games\ct4019 part 2\complete\ct4019 submission programming and maths second semmester\droidwararcade\framework\obj\x64\debug\framework.tlog\lib-link.write.1.tlog
f:\university\level 4\ct4019 programming and mathematics for games\ct4019 part 2\complete\ct4019 submission programming and maths second semmester\droidwararcade\framework\obj\x64\debug\framework.tlog\lib.command.1.tlog
